H:\Users\bcollette.CROFTONDIVING\Desktop\16-0000\16-7122 DOMINION POWER BREMO STATION _ BAC012916\16-7122 DOMINION POWER BREMO STATION _ BAC012916.dwg,C101,9/9/2019 9:29:25 PM,Brian Collette,AutoCAD PDF (General Documentation).pc3,ANSI full bleed B (11.00 x 17.00 Inches),1:0.96925,
H:\Users\bcollette.CROFTONDIVING\Desktop\16-0000\16-7122 DOMINION POWER BREMO STATION _ BAC012916\16-7122 DOMINION POWER BREMO STATION _ BAC012916.dwg,C102,9/9/2019 9:29:25 PM,Brian Collette,AutoCAD PDF (General Documentation).pc3,ANSI full bleed B (11.00 x 17.00 Inches),1:0.96925,
H:\Users\bcollette.CROFTONDIVING\Desktop\16-0000\16-7122 DOMINION POWER BREMO STATION _ BAC012916\16-7122 DOMINION POWER BREMO STATION _ BAC012916.dwg,C103,9/9/2019 9:29:26 PM,Brian Collette,AutoCAD PDF (General Documentation).pc3,ANSI full bleed B (11.00 x 17.00 Inches),1:0.96925,
H:\Users\bcollette.CROFTONDIVING\Desktop\16-0000\16-7122 DOMINION POWER BREMO STATION _ BAC012916\16-7122 DOMINION POWER BREMO STATION _ BAC012916.dwg,C104 (2),9/9/2019 9:29:26 PM,Brian Collette,AutoCAD PDF (General Documentation).pc3,ANSI full bleed B (11.00 x 17.00 Inches),1:0.96925,
H:\Users\bcollette.CROFTONDIVING\Desktop\16-0000\16-7122 DOMINION POWER BREMO STATION _ BAC012916\16-7122 DOMINION POWER BREMO STATION _ BAC012916.dwg,C104.1,9/9/2019 9:29:26 PM,Brian Collette,AutoCAD PDF (General Documentation).pc3,ANSI full bleed B (11.00 x 17.00 Inches),1:0.96925,
H:\Users\bcollette.CROFTONDIVING\Desktop\16-0000\16-7122 DOMINION POWER BREMO STATION _ BAC012916\16-7122 DOMINION POWER BREMO STATION _ BAC012916.dwg,C101,9/9/2019 9:35:46 PM,Brian Collette,AutoCAD PDF (General Documentation).pc3,ANSI full bleed B (11.00 x 17.00 Inches),1:0.96925,
H:\Users\bcollette.CROFTONDIVING\Desktop\16-0000\16-7122 DOMINION POWER BREMO STATION _ BAC012916\16-7122 DOMINION POWER BREMO STATION _ BAC012916.dwg,C102,9/9/2019 9:35:46 PM,Brian Collette,AutoCAD PDF (General Documentation).pc3,ANSI full bleed B (11.00 x 17.00 Inches),1:0.96925,
H:\Users\bcollette.CROFTONDIVING\Desktop\16-0000\16-7122 DOMINION POWER BREMO STATION _ BAC012916\16-7122 DOMINION POWER BREMO STATION _ BAC012916.dwg,C103,9/9/2019 9:35:46 PM,Brian Collette,AutoCAD PDF (General Documentation).pc3,ANSI full bleed B (11.00 x 17.00 Inches),1:0.96925,
H:\Users\bcollette.CROFTONDIVING\Desktop\16-0000\16-7122 DOMINION POWER BREMO STATION _ BAC012916\16-7122 DOMINION POWER BREMO STATION _ BAC012916.dwg,C104 (2),9/9/2019 9:35:47 PM,Brian Collette,AutoCAD PDF (General Documentation).pc3,ANSI full bleed B (11.00 x 17.00 Inches),1:0.96925,
H:\Users\bcollette.CROFTONDIVING\Desktop\16-0000\16-7122 DOMINION POWER BREMO STATION _ BAC012916\16-7122 DOMINION POWER BREMO STATION _ BAC012916.dwg,C104.1,9/9/2019 9:35:47 PM,Brian Collette,AutoCAD PDF (General Documentation).pc3,ANSI full bleed B (11.00 x 17.00 Inches),1:0.96925,
H:\Users\bcollette.CROFTONDIVING\Desktop\16-0000\16-7122 DOMINION POWER BREMO STATION _ BAC012916\16-7122 DOMINION POWER BREMO STATION _ BAC012916.dwg,C101,9/9/2019 9:40:02 PM,Brian Collette,AutoCAD PDF (General Documentation).pc3,ANSI full bleed B (11.00 x 17.00 Inches),1:0.96925,
H:\Users\bcollette.CROFTONDIVING\Desktop\16-0000\16-7122 DOMINION POWER BREMO STATION _ BAC012916\16-7122 DOMINION POWER BREMO STATION _ BAC012916.dwg,C102,9/9/2019 9:40:02 PM,Brian Collette,AutoCAD PDF (General Documentation).pc3,ANSI full bleed B (11.00 x 17.00 Inches),1:0.96925,
H:\Users\bcollette.CROFTONDIVING\Desktop\16-0000\16-7122 DOMINION POWER BREMO STATION _ BAC012916\16-7122 DOMINION POWER BREMO STATION _ BAC012916.dwg,C103,9/9/2019 9:40:03 PM,Brian Collette,AutoCAD PDF (General Documentation).pc3,ANSI full bleed B (11.00 x 17.00 Inches),1:0.96925,
H:\Users\bcollette.CROFTONDIVING\Desktop\16-0000\16-7122 DOMINION POWER BREMO STATION _ BAC012916\16-7122 DOMINION POWER BREMO STATION _ BAC012916.dwg,C104 (2),9/9/2019 9:40:03 PM,Brian Collette,AutoCAD PDF (General Documentation).pc3,ANSI full bleed B (11.00 x 17.00 Inches),1:0.96925,
H:\Users\bcollette.CROFTONDIVING\Desktop\16-0000\16-7122 DOMINION POWER BREMO STATION _ BAC012916\16-7122 DOMINION POWER BREMO STATION _ BAC012916.dwg,C104.1,9/9/2019 9:40:03 PM,Brian Collette,AutoCAD PDF (General Documentation).pc3,ANSI full bleed B (11.00 x 17.00 Inches),1:0.96925,
H:\Users\bcollette.CROFTONDIVING\Desktop\16-0000\16-7122 DOMINION POWER BREMO STATION _ BAC012916\16-7122 DOMINION POWER BREMO STATION _ BAC012916.dwg,cover,9/10/2019 9:33:37 AM,Brian Collette,AutoCAD PDF (General Documentation).pc3,ANSI full bleed B (11.00 x 17.00 Inches),1:0.96925,
H:\Users\bcollette.CROFTONDIVING\Desktop\16-0000\16-7122 DOMINION POWER BREMO STATION _ BAC012916\16-7122 DOMINION POWER BREMO STATION _ BAC012916.dwg,C101,9/10/2019 9:33:37 AM,Brian Collette,AutoCAD PDF (General Documentation).pc3,ANSI full bleed B (11.00 x 17.00 Inches),1:0.96925,
H:\Users\bcollette.CROFTONDIVING\Desktop\16-0000\16-7122 DOMINION POWER BREMO STATION _ BAC012916\16-7122 DOMINION POWER BREMO STATION _ BAC012916.dwg,C102,9/10/2019 9:33:37 AM,Brian Collette,AutoCAD PDF (General Documentation).pc3,ANSI full bleed B (11.00 x 17.00 Inches),1:0.96925,
H:\Users\bcollette.CROFTONDIVING\Desktop\16-0000\16-7122 DOMINION POWER BREMO STATION _ BAC012916\16-7122 DOMINION POWER BREMO STATION _ BAC012916.dwg,C103,9/10/2019 9:33:38 AM,Brian Collette,AutoCAD PDF (General Documentation).pc3,ANSI full bleed B (11.00 x 17.00 Inches),1:0.96925,
H:\Users\bcollette.CROFTONDIVING\Desktop\16-0000\16-7122 DOMINION POWER BREMO STATION _ BAC012916\16-7122 DOMINION POWER BREMO STATION _ BAC012916.dwg,C104 (2),9/10/2019 9:33:38 AM,Brian Collette,AutoCAD PDF (General Documentation).pc3,ANSI full bleed B (11.00 x 17.00 Inches),1:0.96925,
H:\Users\bcollette.CROFTONDIVING\Desktop\16-0000\16-7122 DOMINION POWER BREMO STATION _ BAC012916\16-7122 DOMINION POWER BREMO STATION _ BAC012916.dwg,C104.1,9/10/2019 9:33:38 AM,Brian Collette,AutoCAD PDF (General Documentation).pc3,ANSI full bleed B (11.00 x 17.00 Inches),1:0.96925,
H:\Users\bcollette.CROFTONDIVING\Desktop\16-0000\16-7122 DOMINION POWER BREMO STATION _ BAC012916\16-7122 DOMINION POWER BREMO STATION _ BAC012916.dwg,cover,9/10/2019 9:34:48 AM,Brian Collette,AutoCAD PDF (General Documentation).pc3,ANSI full bleed B (11.00 x 17.00 Inches),1:0.96925,
H:\Users\bcollette.CROFTONDIVING\Desktop\16-0000\16-7122 DOMINION POWER BREMO STATION _ BAC012916\16-7122 DOMINION POWER BREMO STATION _ BAC012916.dwg,C101,9/10/2019 9:34:49 AM,Brian Collette,AutoCAD PDF (General Documentation).pc3,ANSI full bleed B (11.00 x 17.00 Inches),1:0.96925,
H:\Users\bcollette.CROFTONDIVING\Desktop\16-0000\16-7122 DOMINION POWER BREMO STATION _ BAC012916\16-7122 DOMINION POWER BREMO STATION _ BAC012916.dwg,C102,9/10/2019 9:34:49 AM,Brian Collette,AutoCAD PDF (General Documentation).pc3,ANSI full bleed B (11.00 x 17.00 Inches),1:0.96925,
H:\Users\bcollette.CROFTONDIVING\Desktop\16-0000\16-7122 DOMINION POWER BREMO STATION _ BAC012916\16-7122 DOMINION POWER BREMO STATION _ BAC012916.dwg,C103,9/10/2019 9:34:49 AM,Brian Collette,AutoCAD PDF (General Documentation).pc3,ANSI full bleed B (11.00 x 17.00 Inches),1:0.96925,
H:\Users\bcollette.CROFTONDIVING\Desktop\16-0000\16-7122 DOMINION POWER BREMO STATION _ BAC012916\16-7122 DOMINION POWER BREMO STATION _ BAC012916.dwg,C104 (2),9/10/2019 9:34:49 AM,Brian Collette,AutoCAD PDF (General Documentation).pc3,ANSI full bleed B (11.00 x 17.00 Inches),1:0.96925,
H:\Users\bcollette.CROFTONDIVING\Desktop\16-0000\16-7122 DOMINION POWER BREMO STATION _ BAC012916\16-7122 DOMINION POWER BREMO STATION _ BAC012916.dwg,C104.1,9/10/2019 9:34:49 AM,Brian Collette,AutoCAD PDF (General Documentation).pc3,ANSI full bleed B (11.00 x 17.00 Inches),1:0.96925,
H:\Users\bcollette.CROFTONDIVING\Desktop\16-0000\16-7122 DOMINION POWER BREMO STATION _ BAC012916\16-7122 DOMINION POWER BREMO STATION _ BAC012916.dwg,cover,9/10/2019 9:35:49 AM,Brian Collette,AutoCAD PDF (General Documentation).pc3,ANSI full bleed B (11.00 x 17.00 Inches),1:0.96925,
H:\Users\bcollette.CROFTONDIVING\Desktop\16-0000\16-7122 DOMINION POWER BREMO STATION _ BAC012916\16-7122 DOMINION POWER BREMO STATION _ BAC012916.dwg,C101,9/10/2019 9:35:50 AM,Brian Collette,AutoCAD PDF (General Documentation).pc3,ANSI full bleed B (11.00 x 17.00 Inches),1:0.96925,
H:\Users\bcollette.CROFTONDIVING\Desktop\16-0000\16-7122 DOMINION POWER BREMO STATION _ BAC012916\16-7122 DOMINION POWER BREMO STATION _ BAC012916.dwg,C102,9/10/2019 9:35:50 AM,Brian Collette,AutoCAD PDF (General Documentation).pc3,ANSI full bleed B (11.00 x 17.00 Inches),1:0.96925,
H:\Users\bcollette.CROFTONDIVING\Desktop\16-0000\16-7122 DOMINION POWER BREMO STATION _ BAC012916\16-7122 DOMINION POWER BREMO STATION _ BAC012916.dwg,C103,9/10/2019 9:35:50 AM,Brian Collette,AutoCAD PDF (General Documentation).pc3,ANSI full bleed B (11.00 x 17.00 Inches),1:0.96925,
H:\Users\bcollette.CROFTONDIVING\Desktop\16-0000\16-7122 DOMINION POWER BREMO STATION _ BAC012916\16-7122 DOMINION POWER BREMO STATION _ BAC012916.dwg,C104 (2),9/10/2019 9:35:50 AM,Brian Collette,AutoCAD PDF (General Documentation).pc3,ANSI full bleed B (11.00 x 17.00 Inches),1:0.96925,
H:\Users\bcollette.CROFTONDIVING\Desktop\16-0000\16-7122 DOMINION POWER BREMO STATION _ BAC012916\16-7122 DOMINION POWER BREMO STATION _ BAC012916.dwg,C104.1,9/10/2019 9:35:50 AM,Brian Collette,AutoCAD PDF (General Documentation).pc3,ANSI full bleed B (11.00 x 17.00 Inches),1:0.96925,
H:\Users\bcollette.CROFTONDIVING\Desktop\16-0000\16-7122 DOMINION POWER BREMO STATION _ BAC012916\16-7122 DOMINION POWER BREMO STATION _ BAC012916.dwg,cover,9/10/2019 9:36:44 AM,Brian Collette,AutoCAD PDF (General Documentation).pc3,ANSI full bleed B (11.00 x 17.00 Inches),1:0.96925,
H:\Users\bcollette.CROFTONDIVING\Desktop\16-0000\16-7122 DOMINION POWER BREMO STATION _ BAC012916\16-7122 DOMINION POWER BREMO STATION _ BAC012916.dwg,C101,9/10/2019 9:36:45 AM,Brian Collette,AutoCAD PDF (General Documentation).pc3,ANSI full bleed B (11.00 x 17.00 Inches),1:0.96925,
H:\Users\bcollette.CROFTONDIVING\Desktop\16-0000\16-7122 DOMINION POWER BREMO STATION _ BAC012916\16-7122 DOMINION POWER BREMO STATION _ BAC012916.dwg,C102,9/10/2019 9:36:45 AM,Brian Collette,AutoCAD PDF (General Documentation).pc3,ANSI full bleed B (11.00 x 17.00 Inches),1:0.96925,
H:\Users\bcollette.CROFTONDIVING\Desktop\16-0000\16-7122 DOMINION POWER BREMO STATION _ BAC012916\16-7122 DOMINION POWER BREMO STATION _ BAC012916.dwg,C103,9/10/2019 9:36:45 AM,Brian Collette,AutoCAD PDF (General Documentation).pc3,ANSI full bleed B (11.00 x 17.00 Inches),1:0.96925,
H:\Users\bcollette.CROFTONDIVING\Desktop\16-0000\16-7122 DOMINION POWER BREMO STATION _ BAC012916\16-7122 DOMINION POWER BREMO STATION _ BAC012916.dwg,C104 (2),9/10/2019 9:36:45 AM,Brian Collette,AutoCAD PDF (General Documentation).pc3,ANSI full bleed B (11.00 x 17.00 Inches),1:0.96925,
H:\Users\bcollette.CROFTONDIVING\Desktop\16-0000\16-7122 DOMINION POWER BREMO STATION _ BAC012916\16-7122 DOMINION POWER BREMO STATION _ BAC012916.dwg,C104.1,9/10/2019 9:36:46 AM,Brian Collette,AutoCAD PDF (General Documentation).pc3,ANSI full bleed B (11.00 x 17.00 Inches),1:0.96925,
H:\Users\bcollette.CROFTONDIVING\Desktop\16-0000\16-7122 DOMINION POWER BREMO STATION _ BAC012916\16-7122 DOMINION POWER BREMO STATION _ BAC012916.dwg,cover,9/10/2019 9:37:13 AM,Brian Collette,AutoCAD PDF (General Documentation).pc3,ANSI full bleed B (11.00 x 17.00 Inches),1:0.96925,
H:\Users\bcollette.CROFTONDIVING\Desktop\16-0000\16-7122 DOMINION POWER BREMO STATION _ BAC012916\16-7122 DOMINION POWER BREMO STATION _ BAC012916.dwg,C101,9/10/2019 9:37:13 AM,Brian Collette,AutoCAD PDF (General Documentation).pc3,ANSI full bleed B (11.00 x 17.00 Inches),1:0.96925,
H:\Users\bcollette.CROFTONDIVING\Desktop\16-0000\16-7122 DOMINION POWER BREMO STATION _ BAC012916\16-7122 DOMINION POWER BREMO STATION _ BAC012916.dwg,C102,9/10/2019 9:37:14 AM,Brian Collette,AutoCAD PDF (General Documentation).pc3,ANSI full bleed B (11.00 x 17.00 Inches),1:0.96925,
H:\Users\bcollette.CROFTONDIVING\Desktop\16-0000\16-7122 DOMINION POWER BREMO STATION _ BAC012916\16-7122 DOMINION POWER BREMO STATION _ BAC012916.dwg,C103,9/10/2019 9:37:14 AM,Brian Collette,AutoCAD PDF (General Documentation).pc3,ANSI full bleed B (11.00 x 17.00 Inches),1:0.96925,
H:\Users\bcollette.CROFTONDIVING\Desktop\16-0000\16-7122 DOMINION POWER BREMO STATION _ BAC012916\16-7122 DOMINION POWER BREMO STATION _ BAC012916.dwg,C104 (2),9/10/2019 9:37:14 AM,Brian Collette,AutoCAD PDF (General Documentation).pc3,ANSI full bleed B (11.00 x 17.00 Inches),1:0.96925,
H:\Users\bcollette.CROFTONDIVING\Desktop\16-0000\16-7122 DOMINION POWER BREMO STATION _ BAC012916\16-7122 DOMINION POWER BREMO STATION _ BAC012916.dwg,C104.1,9/10/2019 9:37:14 AM,Brian Collette,AutoCAD PDF (General Documentation).pc3,ANSI full bleed B (11.00 x 17.00 Inches),1:0.96925,
H:\Users\bcollette.CROFTONDIVING\Desktop\16-0000\BR11245\BR11245.dwg,SK1 11032,9/10/2019 11:01:54 AM,Brian Collette,AutoCAD PDF (General Documentation).pc3,ANSI full bleed B (11.00 x 17.00 Inches),1:0.96925,
H:\Users\bcollette.CROFTONDIVING\Desktop\16-0000\BR11245\BR11245.dwg,SK1 11032,9/10/2019 11:10:15 AM,Brian Collette,AutoCAD PDF (General Documentation).pc3,ANSI full bleed B (11.00 x 17.00 Inches),1:0.96925,
